<?xml version="1.0" encoding="UTF-8"?>
<testsuite name="expressionsAndStatementsExercise3.TestExpressionsAndStatementsExercise3" tests="1" skipped="0" failures="0" errors="0" timestamp="2025-06-13T09:45:27" hostname="DESKTOP-8RSQJH7" time="0.007">
  <properties/>
  <testcase name="test" classname="expressionsAndStatementsExercise3.TestExpressionsAndStatementsExercise3" time="0.007"/>
  <system-out><![CDATA[]]></system-out>
  <system-err><![CDATA[]]></system-err>
</testsuite>
