<?xml version="1.0" encoding="UTF-8"?>
<testsuite name="helloWorldExercise1.TestHelloWorldExercise1" tests="1" skipped="0" failures="0" errors="0" timestamp="2025-06-12T09:01:49" hostname="DESKTOP-8RSQJH7" time="0.032">
  <properties/>
  <testcase name="test" classname="helloWorldExercise1.TestHelloWorldExercise1" time="0.032"/>
  <system-out><![CDATA[]]></system-out>
  <system-err><![CDATA[]]></system-err>
</testsuite>
