<?xml version="1.0" encoding="UTF-8"?>
<testsuite name="functionsExercise3.TestFunctionsExercise3" tests="1" skipped="0" failures="0" errors="0" timestamp="2025-06-12T10:26:59" hostname="DESKTOP-8RSQJH7" time="0.013">
  <properties/>
  <testcase name="test1" classname="functionsExercise3.TestFunctionsExercise3" time="0.013"/>
  <system-out><![CDATA[]]></system-out>
  <system-err><![CDATA[]]></system-err>
</testsuite>
